<?xml version="1.0" encoding="utf-8"?><testsuites name="pytest tests"><testsuite name="pytest" errors="0" failures="0" skipped="0" tests="13" time="2.549" timestamp="2026-05-04T19:25:03.975102+00:00" hostname="agent-env-080077aa-168b-489f-9302-57b3b465296b"><testcase classname="backend.tests.test_reef_api" name="test_root" time="0.171" /><testcase classname="backend.tests.test_reef_api" name="test_filters" time="0.141" /><testcase classname="backend.tests.test_reef_api" name="test_filters_swsa_habitats_content" time="0.748" /><testcase classname="backend.tests.test_reef_api" name="test_swsa_red_sea" time="0.134" /><testcase classname="backend.tests.test_reef_api" name="test_swsa_indo_pacific" time="0.148" /><testcase classname="backend.tests.test_reef_api" name="test_swsa_red_sea_and_yellow" time="0.130" /><testcase classname="backend.tests.test_reef_api" name="test_fishes_have_swsa_habitats" time="0.155" /><testcase classname="backend.tests.test_reef_api" name="test_list_all_fishes" time="0.138" /><testcase classname="backend.tests.test_reef_api" name="test_search_clown" time="0.140" /><testcase classname="backend.tests.test_reef_api" name="test_multi_filter" time="0.123" /><testcase classname="backend.tests.test_reef_api" name="test_poison_yes" time="0.137" /><testcase classname="backend.tests.test_reef_api" name="test_get_fish_1" time="0.132" /><testcase classname="backend.tests.test_reef_api" name="test_get_fish_404" time="0.152" /></testsuite></testsuites>