<?xml version="1.0" encoding="utf-8"?><testsuites name="pytest tests"><testsuite name="pytest" errors="0" failures="0" skipped="0" tests="8" time="1.223" timestamp="2026-05-01T20:12:34.101473+00:00" hostname="agent-env-080077aa-168b-489f-9302-57b3b465296b"><testcase classname="backend.tests.test_reef_api" name="test_root" time="0.176" /><testcase classname="backend.tests.test_reef_api" name="test_filters" time="0.138" /><testcase classname="backend.tests.test_reef_api" name="test_list_all_fishes" time="0.121" /><testcase classname="backend.tests.test_reef_api" name="test_search_clown" time="0.147" /><testcase classname="backend.tests.test_reef_api" name="test_multi_filter" time="0.129" /><testcase classname="backend.tests.test_reef_api" name="test_poison_yes" time="0.163" /><testcase classname="backend.tests.test_reef_api" name="test_get_fish_1" time="0.148" /><testcase classname="backend.tests.test_reef_api" name="test_get_fish_404" time="0.118" /></testsuite></testsuites>